Performing C++ SOURCE FILE Test CMAKE_HAVE_LIBC_PTHREAD failed with the following output:
Change Dir: /home/kapili3/k/game/gencmake/build/CMakeFiles/CMakeTmp

Run Build Command(s):/usr/bin/make cmTC_6480d/fast && /usr/bin/make -f CMakeFiles/cmTC_6480d.dir/build.make CMakeFiles/cmTC_6480d.dir/build
make[1]: Entering directory '/home/kapili3/k/game/gencmake/build/CMakeFiles/CMakeTmp'
Building CXX object CMakeFiles/cmTC_6480d.dir/src.cxx.o
/bin/g++    -DCMAKE_HAVE_LIBC_PTHREAD   -std=c++2a -o CMakeFiles/cmTC_6480d.dir/src.cxx.o -c /home/kapili3/k/game/gencmake/build/CMakeFiles/CMakeTmp/src.cxx
Linking CXX executable cmTC_6480d
/usr/bin/cmake -E cmake_link_script CMakeFiles/cmTC_6480d.dir/link.txt --verbose=1
/bin/g++   -DCMAKE_HAVE_LIBC_PTHREAD    CMakeFiles/cmTC_6480d.dir/src.cxx.o  -o cmTC_6480d 
/usr/bin/ld: CMakeFiles/cmTC_6480d.dir/src.cxx.o: in function `main':
src.cxx:(.text+0x3e): undefined reference to `pthread_create'
/usr/bin/ld: src.cxx:(.text+0x4a): undefined reference to `pthread_detach'
/usr/bin/ld: src.cxx:(.text+0x5b): undefined reference to `pthread_join'
collect2: error: ld returned 1 exit status
make[1]: *** [CMakeFiles/cmTC_6480d.dir/build.make:87: cmTC_6480d] Error 1
make[1]: Leaving directory '/home/kapili3/k/game/gencmake/build/CMakeFiles/CMakeTmp'
make: *** [Makefile:121: cmTC_6480d/fast] Error 2


Source file was:
#include <pthread.h>

void* test_func(void* data)
{
  return data;
}

int main(void)
{
  pthread_t thread;
  pthread_create(&thread, NULL, test_func, NULL);
  pthread_detach(thread);
  pthread_join(thread, NULL);
  pthread_atfork(NULL, NULL, NULL);
  pthread_exit(NULL);

  return 0;
}

